{"uid":"403b6b683d925cf1","name":"test__2_crawling","fullName":"Test_ObjectRepo.ChatWit.test_addchatbot.Test_AddNewChatBot#test__2_crawling","historyId":"4d15f0981bdd96548f1b06a04cd1c323","time":{"start":1722607942483,"stop":1722607942529,"duration":46},"status":"broken","statusMessage":"selenium.common.exceptions.NoSuchElementException: Message: no such element: Unable to locate element: {\"method\":\"xpath\",\"selector\":\"//input[@name='url']\"}\n  (Session info: chrome=127.0.6533.89); For documentation on this error, please visit: https://www.selenium.dev/documentation/webdriver/troubleshooting/errors#no-such-element-exception\nStacktrace:\n0   chromedriver                        0x000000010866a838 chromedriver + 5179448\n1   chromedriver                        0x000000010866226a chromedriver + 5145194\n2   chromedriver                        0x00000001081d92b0 chromedriver + 389808\n3   chromedriver                        0x00000001082253e1 chromedriver + 701409\n4   chromedriver                        0x0000000108225691 chromedriver + 702097\n5   chromedriver                        0x0000000108267464 chromedriver + 971876\n6   chromedriver                        0x00000001082477dd chromedriver + 841693\n7   chromedriver                        0x0000000108264b9b chromedriver + 961435\n8   chromedriver                        0x0000000108247553 chromedriver + 841043\n9   chromedriver                        0x00000001082187f6 chromedriver + 649206\n10  chromedriver                        0x000000010821905e chromedriver + 651358\n11  chromedriver                        0x000000010862daa0 chromedriver + 4930208\n12  chromedriver                        0x00000001086329b6 chromedriver + 4950454\n13  chromedriver                        0x0000000108633085 chromedriver + 4952197\n14  chromedriver                        0x000000010860fe69 chromedriver + 4808297\n15  chromedriver                        0x0000000108633379 chromedriver + 4952953\n16  chromedriver                        0x00000001086017c4 chromedriver + 4749252\n17  chromedriver                        0x0000000108652548 chromedriver + 5080392\n18  chromedriver                        0x0000000108652707 chromedriver + 5080839\n19  chromedriver                        0x0000000108661e4e chromedriver + 5144142\n20  libsystem_pthread.dylib             0x00007ff80f6814e1 _pthread_start + 125\n21  libsystem_pthread.dylib             0x00007ff80f67cf6b thread_start + 15","statusTrace":"self = <test_addchatbot.Test_AddNewChatBot object at 0x121b327f0>\ndriver = <selenium.webdriver.chrome.webdriver.WebDriver (session=\"1589c6df2eb9c6312825e13786178868\")>\n\n    def test__2_crawling(self, driver):\n>       Test_AddNewChatBot.chatbot(driver).add_crawl_url('testtest.com')\n\nTest_ObjectRepo/ChatWit/test_addchatbot.py:23: \n_ _ _ _ _ _ _ _ _ _ _ _ _ _ _ _ _ _ _ _ _ _ _ _ _ _ _ _ _ _ _ _ _ _ _ _ _ _ _ _ \nApp_ObjectRepo/ChatWit/AddNewChat.py:34: in add_crawl_url\n    gl(self.driver).clear(*byUrl)\nUtils/global_driver_utility.py:35: in clear\n    self.driver.find_element(*args).clear()\nzizlevenv/lib/python3.9/site-packages/selenium/webdriver/remote/webdriver.py:748: in find_element\n    return self.execute(Command.FIND_ELEMENT, {\"using\": by, \"value\": value})[\"value\"]\nzizlevenv/lib/python3.9/site-packages/selenium/webdriver/remote/webdriver.py:354: in execute\n    self.error_handler.check_response(response)\n_ _ _ _ _ _ _ _ _ _ _ _ _ _ _ _ _ _ _ _ _ _ _ _ _ _ _ _ _ _ _ _ _ _ _ _ _ _ _ _ \n\nself = <selenium.webdriver.remote.errorhandler.ErrorHandler object at 0x121b3f640>\nresponse = {'status': 404, 'value': '{\"value\":{\"error\":\"no such element\",\"message\":\"no such element: Unable to locate element: {\\...ff80f6814e1 _pthread_start + 125\\\\n21  libsystem_pthread.dylib             0x00007ff80f67cf6b thread_start + 15\\\\n\"}}'}\n\n    def check_response(self, response: Dict[str, Any]) -> None:\n        \"\"\"Checks that a JSON response from the WebDriver does not have an\n        error.\n    \n        :Args:\n         - response - The JSON response from the WebDriver server as a dictionary\n           object.\n    \n        :Raises: If the response contains an error message.\n        \"\"\"\n        status = response.get(\"status\", None)\n        if not status or status == ErrorCode.SUCCESS:\n            return\n        value = None\n        message = response.get(\"message\", \"\")\n        screen: str = response.get(\"screen\", \"\")\n        stacktrace = None\n        if isinstance(status, int):\n            value_json = response.get(\"value\", None)\n            if value_json and isinstance(value_json, str):\n                import json\n    \n                try:\n                    value = json.loads(value_json)\n                    if len(value) == 1:\n                        value = value[\"value\"]\n                    status = value.get(\"error\", None)\n                    if not status:\n                        status = value.get(\"status\", ErrorCode.UNKNOWN_ERROR)\n                        message = value.get(\"value\") or value.get(\"message\")\n                        if not isinstance(message, str):\n                            value = message\n                            message = message.get(\"message\")\n                    else:\n                        message = value.get(\"message\", None)\n                except ValueError:\n                    pass\n    \n        exception_class: Type[WebDriverException]\n        e = ErrorCode()\n        error_codes = [item for item in dir(e) if not item.startswith(\"__\")]\n        for error_code in error_codes:\n            error_info = getattr(ErrorCode, error_code)\n            if isinstance(error_info, list) and status in error_info:\n                exception_class = getattr(ExceptionMapping, error_code, WebDriverException)\n                break\n        else:\n            exception_class = WebDriverException\n    \n        if not value:\n            value = response[\"value\"]\n        if isinstance(value, str):\n            raise exception_class(value)\n        if message == \"\" and \"message\" in value:\n            message = value[\"message\"]\n    \n        screen = None  # type: ignore[assignment]\n        if \"screen\" in value:\n            screen = value[\"screen\"]\n    \n        stacktrace = None\n        st_value = value.get(\"stackTrace\") or value.get(\"stacktrace\")\n        if st_value:\n            if isinstance(st_value, str):\n                stacktrace = st_value.split(\"\\n\")\n            else:\n                stacktrace = []\n                try:\n                    for frame in st_value:\n                        line = frame.get(\"lineNumber\", \"\")\n                        file = frame.get(\"fileName\", \"<anonymous>\")\n                        if line:\n                            file = f\"{file}:{line}\"\n                        meth = frame.get(\"methodName\", \"<anonymous>\")\n                        if \"className\" in frame:\n                            meth = f\"{frame['className']}.{meth}\"\n                        msg = \"    at %s (%s)\"\n                        msg = msg % (meth, file)\n                        stacktrace.append(msg)\n                except TypeError:\n                    pass\n        if exception_class == UnexpectedAlertPresentException:\n            alert_text = None\n            if \"data\" in value:\n                alert_text = value[\"data\"].get(\"text\")\n            elif \"alert\" in value:\n                alert_text = value[\"alert\"].get(\"text\")\n            raise exception_class(message, screen, stacktrace, alert_text)  # type: ignore[call-arg]  # mypy is not smart enough here\n>       raise exception_class(message, screen, stacktrace)\nE       selenium.common.exceptions.NoSuchElementException: Message: no such element: Unable to locate element: {\"method\":\"xpath\",\"selector\":\"//input[@name='url']\"}\nE         (Session info: chrome=127.0.6533.89); For documentation on this error, please visit: https://www.selenium.dev/documentation/webdriver/troubleshooting/errors#no-such-element-exception\nE       Stacktrace:\nE       0   chromedriver                        0x000000010866a838 chromedriver + 5179448\nE       1   chromedriver                        0x000000010866226a chromedriver + 5145194\nE       2   chromedriver                        0x00000001081d92b0 chromedriver + 389808\nE       3   chromedriver                        0x00000001082253e1 chromedriver + 701409\nE       4   chromedriver                        0x0000000108225691 chromedriver + 702097\nE       5   chromedriver                        0x0000000108267464 chromedriver + 971876\nE       6   chromedriver                        0x00000001082477dd chromedriver + 841693\nE       7   chromedriver                        0x0000000108264b9b chromedriver + 961435\nE       8   chromedriver                        0x0000000108247553 chromedriver + 841043\nE       9   chromedriver                        0x00000001082187f6 chromedriver + 649206\nE       10  chromedriver                        0x000000010821905e chromedriver + 651358\nE       11  chromedriver                        0x000000010862daa0 chromedriver + 4930208\nE       12  chromedriver                        0x00000001086329b6 chromedriver + 4950454\nE       13  chromedriver                        0x0000000108633085 chromedriver + 4952197\nE       14  chromedriver                        0x000000010860fe69 chromedriver + 4808297\nE       15  chromedriver                        0x0000000108633379 chromedriver + 4952953\nE       16  chromedriver                        0x00000001086017c4 chromedriver + 4749252\nE       17  chromedriver                        0x0000000108652548 chromedriver + 5080392\nE       18  chromedriver                        0x0000000108652707 chromedriver + 5080839\nE       19  chromedriver                        0x0000000108661e4e chromedriver + 5144142\nE       20  libsystem_pthread.dylib             0x00007ff80f6814e1 _pthread_start + 125\nE       21  libsystem_pthread.dylib             0x00007ff80f67cf6b thread_start + 15\n\nzizlevenv/lib/python3.9/site-packages/selenium/webdriver/remote/errorhandler.py:229: NoSuchElementException","flaky":false,"newFailed":false,"newBroken":false,"newPassed":false,"retriesCount":0,"retriesStatusChange":false,"beforeStages":[{"name":"config","time":{"start":1722607917502,"stop":1722607917507,"duration":5},"status":"passed","steps":[],"attachments":[],"parameters":[],"shouldDisplayMessage":false,"attachmentsCount":0,"attachmentStep":false,"stepsCount":0,"hasContent":false},{"name":"driver","time":{"start":1722607917507,"stop":1722607938237,"duration":20730},"status":"passed","steps":[],"attachments":[],"parameters":[],"shouldDisplayMessage":false,"attachmentsCount":0,"attachmentStep":false,"stepsCount":0,"hasContent":false},{"name":"setup_teardown","time":{"start":1722607942483,"stop":1722607942483,"duration":0},"status":"passed","steps":[],"attachments":[],"parameters":[],"shouldDisplayMessage":false,"attachmentsCount":0,"attachmentStep":false,"stepsCount":0,"hasContent":false}],"testStage":{"status":"broken","statusMessage":"selenium.common.exceptions.NoSuchElementException: Message: no such element: Unable to locate element: {\"method\":\"xpath\",\"selector\":\"//input[@name='url']\"}\n  (Session info: chrome=127.0.6533.89); For documentation on this error, please visit: https://www.selenium.dev/documentation/webdriver/troubleshooting/errors#no-such-element-exception\nStacktrace:\n0   chromedriver                        0x000000010866a838 chromedriver + 5179448\n1   chromedriver                        0x000000010866226a chromedriver + 5145194\n2   chromedriver                        0x00000001081d92b0 chromedriver + 389808\n3   chromedriver                        0x00000001082253e1 chromedriver + 701409\n4   chromedriver                        0x0000000108225691 chromedriver + 702097\n5   chromedriver                        0x0000000108267464 chromedriver + 971876\n6   chromedriver                        0x00000001082477dd chromedriver + 841693\n7   chromedriver                        0x0000000108264b9b chromedriver + 961435\n8   chromedriver                        0x0000000108247553 chromedriver + 841043\n9   chromedriver                        0x00000001082187f6 chromedriver + 649206\n10  chromedriver                        0x000000010821905e chromedriver + 651358\n11  chromedriver                        0x000000010862daa0 chromedriver + 4930208\n12  chromedriver                        0x00000001086329b6 chromedriver + 4950454\n13  chromedriver                        0x0000000108633085 chromedriver + 4952197\n14  chromedriver                        0x000000010860fe69 chromedriver + 4808297\n15  chromedriver                        0x0000000108633379 chromedriver + 4952953\n16  chromedriver                        0x00000001086017c4 chromedriver + 4749252\n17  chromedriver                        0x0000000108652548 chromedriver + 5080392\n18  chromedriver                        0x0000000108652707 chromedriver + 5080839\n19  chromedriver                        0x0000000108661e4e chromedriver + 5144142\n20  libsystem_pthread.dylib             0x00007ff80f6814e1 _pthread_start + 125\n21  libsystem_pthread.dylib             0x00007ff80f67cf6b thread_start + 15","statusTrace":"self = <test_addchatbot.Test_AddNewChatBot object at 0x121b327f0>\ndriver = <selenium.webdriver.chrome.webdriver.WebDriver (session=\"1589c6df2eb9c6312825e13786178868\")>\n\n    def test__2_crawling(self, driver):\n>       Test_AddNewChatBot.chatbot(driver).add_crawl_url('testtest.com')\n\nTest_ObjectRepo/ChatWit/test_addchatbot.py:23: \n_ _ _ _ _ _ _ _ _ _ _ _ _ _ _ _ _ _ _ _ _ _ _ _ _ _ _ _ _ _ _ _ _ _ _ _ _ _ _ _ \nApp_ObjectRepo/ChatWit/AddNewChat.py:34: in add_crawl_url\n    gl(self.driver).clear(*byUrl)\nUtils/global_driver_utility.py:35: in clear\n    self.driver.find_element(*args).clear()\nzizlevenv/lib/python3.9/site-packages/selenium/webdriver/remote/webdriver.py:748: in find_element\n    return self.execute(Command.FIND_ELEMENT, {\"using\": by, \"value\": value})[\"value\"]\nzizlevenv/lib/python3.9/site-packages/selenium/webdriver/remote/webdriver.py:354: in execute\n    self.error_handler.check_response(response)\n_ _ _ _ _ _ _ _ _ _ _ _ _ _ _ _ _ _ _ _ _ _ _ _ _ _ _ _ _ _ _ _ _ _ _ _ _ _ _ _ \n\nself = <selenium.webdriver.remote.errorhandler.ErrorHandler object at 0x121b3f640>\nresponse = {'status': 404, 'value': '{\"value\":{\"error\":\"no such element\",\"message\":\"no such element: Unable to locate element: {\\...ff80f6814e1 _pthread_start + 125\\\\n21  libsystem_pthread.dylib             0x00007ff80f67cf6b thread_start + 15\\\\n\"}}'}\n\n    def check_response(self, response: Dict[str, Any]) -> None:\n        \"\"\"Checks that a JSON response from the WebDriver does not have an\n        error.\n    \n        :Args:\n         - response - The JSON response from the WebDriver server as a dictionary\n           object.\n    \n        :Raises: If the response contains an error message.\n        \"\"\"\n        status = response.get(\"status\", None)\n        if not status or status == ErrorCode.SUCCESS:\n            return\n        value = None\n        message = response.get(\"message\", \"\")\n        screen: str = response.get(\"screen\", \"\")\n        stacktrace = None\n        if isinstance(status, int):\n            value_json = response.get(\"value\", None)\n            if value_json and isinstance(value_json, str):\n                import json\n    \n                try:\n                    value = json.loads(value_json)\n                    if len(value) == 1:\n                        value = value[\"value\"]\n                    status = value.get(\"error\", None)\n                    if not status:\n                        status = value.get(\"status\", ErrorCode.UNKNOWN_ERROR)\n                        message = value.get(\"value\") or value.get(\"message\")\n                        if not isinstance(message, str):\n                            value = message\n                            message = message.get(\"message\")\n                    else:\n                        message = value.get(\"message\", None)\n                except ValueError:\n                    pass\n    \n        exception_class: Type[WebDriverException]\n        e = ErrorCode()\n        error_codes = [item for item in dir(e) if not item.startswith(\"__\")]\n        for error_code in error_codes:\n            error_info = getattr(ErrorCode, error_code)\n            if isinstance(error_info, list) and status in error_info:\n                exception_class = getattr(ExceptionMapping, error_code, WebDriverException)\n                break\n        else:\n            exception_class = WebDriverException\n    \n        if not value:\n            value = response[\"value\"]\n        if isinstance(value, str):\n            raise exception_class(value)\n        if message == \"\" and \"message\" in value:\n            message = value[\"message\"]\n    \n        screen = None  # type: ignore[assignment]\n        if \"screen\" in value:\n            screen = value[\"screen\"]\n    \n        stacktrace = None\n        st_value = value.get(\"stackTrace\") or value.get(\"stacktrace\")\n        if st_value:\n            if isinstance(st_value, str):\n                stacktrace = st_value.split(\"\\n\")\n            else:\n                stacktrace = []\n                try:\n                    for frame in st_value:\n                        line = frame.get(\"lineNumber\", \"\")\n                        file = frame.get(\"fileName\", \"<anonymous>\")\n                        if line:\n                            file = f\"{file}:{line}\"\n                        meth = frame.get(\"methodName\", \"<anonymous>\")\n                        if \"className\" in frame:\n                            meth = f\"{frame['className']}.{meth}\"\n                        msg = \"    at %s (%s)\"\n                        msg = msg % (meth, file)\n                        stacktrace.append(msg)\n                except TypeError:\n                    pass\n        if exception_class == UnexpectedAlertPresentException:\n            alert_text = None\n            if \"data\" in value:\n                alert_text = value[\"data\"].get(\"text\")\n            elif \"alert\" in value:\n                alert_text = value[\"alert\"].get(\"text\")\n            raise exception_class(message, screen, stacktrace, alert_text)  # type: ignore[call-arg]  # mypy is not smart enough here\n>       raise exception_class(message, screen, stacktrace)\nE       selenium.common.exceptions.NoSuchElementException: Message: no such element: Unable to locate element: {\"method\":\"xpath\",\"selector\":\"//input[@name='url']\"}\nE         (Session info: chrome=127.0.6533.89); For documentation on this error, please visit: https://www.selenium.dev/documentation/webdriver/troubleshooting/errors#no-such-element-exception\nE       Stacktrace:\nE       0   chromedriver                        0x000000010866a838 chromedriver + 5179448\nE       1   chromedriver                        0x000000010866226a chromedriver + 5145194\nE       2   chromedriver                        0x00000001081d92b0 chromedriver + 389808\nE       3   chromedriver                        0x00000001082253e1 chromedriver + 701409\nE       4   chromedriver                        0x0000000108225691 chromedriver + 702097\nE       5   chromedriver                        0x0000000108267464 chromedriver + 971876\nE       6   chromedriver                        0x00000001082477dd chromedriver + 841693\nE       7   chromedriver                        0x0000000108264b9b chromedriver + 961435\nE       8   chromedriver                        0x0000000108247553 chromedriver + 841043\nE       9   chromedriver                        0x00000001082187f6 chromedriver + 649206\nE       10  chromedriver                        0x000000010821905e chromedriver + 651358\nE       11  chromedriver                        0x000000010862daa0 chromedriver + 4930208\nE       12  chromedriver                        0x00000001086329b6 chromedriver + 4950454\nE       13  chromedriver                        0x0000000108633085 chromedriver + 4952197\nE       14  chromedriver                        0x000000010860fe69 chromedriver + 4808297\nE       15  chromedriver                        0x0000000108633379 chromedriver + 4952953\nE       16  chromedriver                        0x00000001086017c4 chromedriver + 4749252\nE       17  chromedriver                        0x0000000108652548 chromedriver + 5080392\nE       18  chromedriver                        0x0000000108652707 chromedriver + 5080839\nE       19  chromedriver                        0x0000000108661e4e chromedriver + 5144142\nE       20  libsystem_pthread.dylib             0x00007ff80f6814e1 _pthread_start + 125\nE       21  libsystem_pthread.dylib             0x00007ff80f67cf6b thread_start + 15\n\nzizlevenv/lib/python3.9/site-packages/selenium/webdriver/remote/errorhandler.py:229: NoSuchElementException","steps":[{"name":"Add Crawling Url","time":{"start":1722607942484,"stop":1722607942529,"duration":45},"status":"broken","statusMessage":"selenium.common.exceptions.NoSuchElementException: Message: no such element: Unable to locate element: {\"method\":\"xpath\",\"selector\":\"//input[@name='url']\"}\n  (Session info: chrome=127.0.6533.89); For documentation on this error, please visit: https://www.selenium.dev/documentation/webdriver/troubleshooting/errors#no-such-element-exception\nStacktrace:\n0   chromedriver                        0x000000010866a838 chromedriver + 5179448\n1   chromedriver                        0x000000010866226a chromedriver + 5145194\n2   chromedriver                        0x00000001081d92b0 chromedriver + 389808\n3   chromedriver                        0x00000001082253e1 chromedriver + 701409\n4   chromedriver                        0x0000000108225691 chromedriver + 702097\n5   chromedriver                        0x0000000108267464 chromedriver + 971876\n6   chromedriver                        0x00000001082477dd chromedriver + 841693\n7   chromedriver                        0x0000000108264b9b chromedriver + 961435\n8   chromedriver                        0x0000000108247553 chromedriver + 841043\n9   chromedriver                        0x00000001082187f6 chromedriver + 649206\n10  chromedriver                        0x000000010821905e chromedriver + 651358\n11  chromedriver                        0x000000010862daa0 chromedriver + 4930208\n12  chromedriver                        0x00000001086329b6 chromedriver + 4950454\n13  chromedriver                        0x0000000108633085 chromedriver + 4952197\n14  chromedriver                        0x000000010860fe69 chromedriver + 4808297\n15  chromedriver                        0x0000000108633379 chromedriver + 4952953\n16  chromedriver                        0x00000001086017c4 chromedriver + 4749252\n17  chromedriver                        0x0000000108652548 chromedriver + 5080392\n18  chromedriver                        0x0000000108652707 chromedriver + 5080839\n19  chromedriver                        0x0000000108661e4e chromedriver + 5144142\n20  libsystem_pthread.dylib             0x00007ff80f6814e1 _pthread_start + 125\n21  libsystem_pthread.dylib             0x00007ff80f67cf6b thread_start + 15\n\n","statusTrace":"  File \"/Users/webclues/Saket/Automation_WDCS/zizlevenv/lib/python3.9/site-packages/allure_commons/_allure.py\", line 192, in impl\n    return func(*a, **kw)\n  File \"/Users/webclues/Saket/Automation_WDCS/App_ObjectRepo/ChatWit/AddNewChat.py\", line 34, in add_crawl_url\n    gl(self.driver).clear(*byUrl)\n  File \"/Users/webclues/Saket/Automation_WDCS/Utils/global_driver_utility.py\", line 35, in clear\n    self.driver.find_element(*args).clear()\n  File \"/Users/webclues/Saket/Automation_WDCS/zizlevenv/lib/python3.9/site-packages/selenium/webdriver/remote/webdriver.py\", line 748, in find_element\n    return self.execute(Command.FIND_ELEMENT, {\"using\": by, \"value\": value})[\"value\"]\n  File \"/Users/webclues/Saket/Automation_WDCS/zizlevenv/lib/python3.9/site-packages/selenium/webdriver/remote/webdriver.py\", line 354, in execute\n    self.error_handler.check_response(response)\n  File \"/Users/webclues/Saket/Automation_WDCS/zizlevenv/lib/python3.9/site-packages/selenium/webdriver/remote/errorhandler.py\", line 229, in check_response\n    raise exception_class(message, screen, stacktrace)\n","steps":[],"attachments":[],"parameters":[{"name":"url","value":"'testtest.com'"}],"shouldDisplayMessage":true,"attachmentsCount":0,"attachmentStep":false,"stepsCount":0,"hasContent":true}],"attachments":[{"uid":"f34103e09a46daef","name":"screenshot","source":"f34103e09a46daef.png","type":"image/png","size":7424}],"parameters":[],"shouldDisplayMessage":true,"attachmentsCount":1,"attachmentStep":false,"stepsCount":1,"hasContent":true},"afterStages":[{"name":"setup_teardown::0","time":{"start":1722607942714,"stop":1722607942714,"duration":0},"status":"passed","steps":[],"attachments":[],"parameters":[],"shouldDisplayMessage":false,"attachmentsCount":0,"attachmentStep":false,"stepsCount":0,"hasContent":false},{"name":"driver::0","time":{"start":1722607966452,"stop":1722607966701,"duration":249},"status":"passed","steps":[],"attachments":[],"parameters":[],"shouldDisplayMessage":false,"attachmentsCount":0,"attachmentStep":false,"stepsCount":0,"hasContent":false}],"labels":[{"name":"tag","value":"run(order=3)"},{"name":"parentSuite","value":"Test_ObjectRepo.ChatWit"},{"name":"suite","value":"test_addchatbot"},{"name":"subSuite","value":"Test_AddNewChatBot"},{"name":"host","value":"Saket-mac-mini.codezeros.local"},{"name":"thread","value":"13520-MainThread"},{"name":"framework","value":"pytest"},{"name":"language","value":"cpython3"},{"name":"package","value":"Test_ObjectRepo.ChatWit.test_addchatbot"},{"name":"resultFormat","value":"allure2"}],"parameters":[],"links":[],"hidden":false,"retry":false,"extra":{"severity":"normal","retries":[],"categories":[{"name":"Test defects","matchedStatuses":[],"flaky":false}],"tags":["run(order=3)"]},"source":"403b6b683d925cf1.json","parameterValues":[]}