{"uid":"4b4757e66a1912dae1a509f688f20b0f","name":"categories","children":[{"name":"Test defects","children":[{"name":"selenium.common.exceptions.NoSuchElementException: Message: no such element: Unable to locate element: {\"method\":\"xpath\",\"selector\":\"//button[contains(text(),'ADD new chatbot')]\"}\n  (Session info: chrome=127.0.6533.89); For documentation on this error, please visit: https://www.selenium.dev/documentation/webdriver/troubleshooting/errors#no-such-element-exception\nStacktrace:\n0   chromedriver                        0x000000010866a838 chromedriver + 5179448\n1   chromedriver                        0x000000010866226a chromedriver + 5145194\n2   chromedriver                        0x00000001081d92b0 chromedriver + 389808\n3   chromedriver                        0x00000001082253e1 chromedriver + 701409\n4   chromedriver                        0x0000000108225691 chromedriver + 702097\n5   chromedriver                        0x0000000108267464 chromedriver + 971876\n6   chromedriver                        0x00000001082477dd chromedriver + 841693\n7   chromedriver                        0x0000000108264b9b chromedriver + 961435\n8   chromedriver                        0x0000000108247553 chromedriver + 841043\n9   chromedriver                        0x00000001082187f6 chromedriver + 649206\n10  chromedriver                        0x000000010821905e chromedriver + 651358\n11  chromedriver                        0x000000010862daa0 chromedriver + 4930208\n12  chromedriver                        0x00000001086329b6 chromedriver + 4950454\n13  chromedriver                        0x0000000108633085 chromedriver + 4952197\n14  chromedriver                        0x000000010860fe69 chromedriver + 4808297\n15  chromedriver                        0x0000000108633379 chromedriver + 4952953\n16  chromedriver                        0x00000001086017c4 chromedriver + 4749252\n17  chromedriver                        0x0000000108652548 chromedriver + 5080392\n18  chromedriver                        0x0000000108652707 chromedriver + 5080839\n19  chromedriver                        0x0000000108661e4e chromedriver + 5144142\n20  libsystem_pthread.dylib             0x00007ff80f6814e1 _pthread_start + 125\n21  libsystem_pthread.dylib             0x00007ff80f67cf6b thread_start + 15","children":[{"name":"test_1_addnewchatbot","uid":"337fd4916882574","parentUid":"c3177953de3fd14d23ff9bde10a21b79","status":"broken","time":{"start":1722607938241,"stop":1722607941941,"duration":3700},"flaky":false,"newFailed":false,"newPassed":false,"newBroken":false,"retriesCount":0,"retriesStatusChange":false,"parameters":[],"tags":["run(order=3)"]}],"uid":"c3177953de3fd14d23ff9bde10a21b79"},{"name":"selenium.common.exceptions.NoSuchElementException: Message: no such element: Unable to locate element: {\"method\":\"xpath\",\"selector\":\"//input[@name='url']\"}\n  (Session info: chrome=127.0.6533.89); For documentation on this error, please visit: https://www.selenium.dev/documentation/webdriver/troubleshooting/errors#no-such-element-exception\nStacktrace:\n0   chromedriver                        0x000000010866a838 chromedriver + 5179448\n1   chromedriver                        0x000000010866226a chromedriver + 5145194\n2   chromedriver                        0x00000001081d92b0 chromedriver + 389808\n3   chromedriver                        0x00000001082253e1 chromedriver + 701409\n4   chromedriver                        0x0000000108225691 chromedriver + 702097\n5   chromedriver                        0x0000000108267464 chromedriver + 971876\n6   chromedriver                        0x00000001082477dd chromedriver + 841693\n7   chromedriver                        0x0000000108264b9b chromedriver + 961435\n8   chromedriver                        0x0000000108247553 chromedriver + 841043\n9   chromedriver                        0x00000001082187f6 chromedriver + 649206\n10  chromedriver                        0x000000010821905e chromedriver + 651358\n11  chromedriver                        0x000000010862daa0 chromedriver + 4930208\n12  chromedriver                        0x00000001086329b6 chromedriver + 4950454\n13  chromedriver                        0x0000000108633085 chromedriver + 4952197\n14  chromedriver                        0x000000010860fe69 chromedriver + 4808297\n15  chromedriver                        0x0000000108633379 chromedriver + 4952953\n16  chromedriver                        0x00000001086017c4 chromedriver + 4749252\n17  chromedriver                        0x0000000108652548 chromedriver + 5080392\n18  chromedriver                        0x0000000108652707 chromedriver + 5080839\n19  chromedriver                        0x0000000108661e4e chromedriver + 5144142\n20  libsystem_pthread.dylib             0x00007ff80f6814e1 _pthread_start + 125\n21  libsystem_pthread.dylib             0x00007ff80f67cf6b thread_start + 15","children":[{"name":"test__2_crawling","uid":"403b6b683d925cf1","parentUid":"50bf6a9c08ae5cb980ef444789a5606c","status":"broken","time":{"start":1722607942483,"stop":1722607942529,"duration":46},"flaky":false,"newFailed":false,"newPassed":false,"newBroken":false,"retriesCount":0,"retriesStatusChange":false,"parameters":[],"tags":["run(order=3)"]},{"name":"test_3_crawling","uid":"947cbb874603b3ae","parentUid":"50bf6a9c08ae5cb980ef444789a5606c","status":"broken","time":{"start":1722607942718,"stop":1722607942727,"duration":9},"flaky":false,"newFailed":false,"newPassed":false,"newBroken":false,"retriesCount":0,"retriesStatusChange":false,"parameters":[],"tags":["run(order=3)"]}],"uid":"50bf6a9c08ae5cb980ef444789a5606c"},{"name":"selenium.common.exceptions.NoSuchElementException: Message: no such element: Unable to locate element: {\"method\":\"xpath\",\"selector\":\"//button[contains(text(),'Create chatbot')]\"}\n  (Session info: chrome=127.0.6533.89); For documentation on this error, please visit: https://www.selenium.dev/documentation/webdriver/troubleshooting/errors#no-such-element-exception\nStacktrace:\n0   chromedriver                        0x000000010866a838 chromedriver + 5179448\n1   chromedriver                        0x000000010866226a chromedriver + 5145194\n2   chromedriver                        0x00000001081d92b0 chromedriver + 389808\n3   chromedriver                        0x00000001082253e1 chromedriver + 701409\n4   chromedriver                        0x0000000108225691 chromedriver + 702097\n5   chromedriver                        0x0000000108267464 chromedriver + 971876\n6   chromedriver                        0x00000001082477dd chromedriver + 841693\n7   chromedriver                        0x0000000108264b9b chromedriver + 961435\n8   chromedriver                        0x0000000108247553 chromedriver + 841043\n9   chromedriver                        0x00000001082187f6 chromedriver + 649206\n10  chromedriver                        0x000000010821905e chromedriver + 651358\n11  chromedriver                        0x000000010862daa0 chromedriver + 4930208\n12  chromedriver                        0x00000001086329b6 chromedriver + 4950454\n13  chromedriver                        0x0000000108633085 chromedriver + 4952197\n14  chromedriver                        0x000000010860fe69 chromedriver + 4808297\n15  chromedriver                        0x0000000108633379 chromedriver + 4952953\n16  chromedriver                        0x00000001086017c4 chromedriver + 4749252\n17  chromedriver                        0x0000000108652548 chromedriver + 5080392\n18  chromedriver                        0x0000000108652707 chromedriver + 5080839\n19  chromedriver                        0x0000000108661e4e chromedriver + 5144142\n20  libsystem_pthread.dylib             0x00007ff80f6814e1 _pthread_start + 125\n21  libsystem_pthread.dylib             0x00007ff80f67cf6b thread_start + 15","children":[{"name":"test_5_createchatbot","uid":"de40c19cac1632e","parentUid":"015bfa15975c55ce67c0240b8fdfa7fa","status":"broken","time":{"start":1722607942939,"stop":1722607943954,"duration":1015},"flaky":false,"newFailed":false,"newPassed":false,"newBroken":false,"retriesCount":0,"retriesStatusChange":false,"parameters":[],"tags":["run(order=3)"]}],"uid":"015bfa15975c55ce67c0240b8fdfa7fa"},{"name":"selenium.common.exceptions.NoSuchElementException: Message: no such element: Unable to locate element: {\"method\":\"xpath\",\"selector\":\"//button[contains(text(),'Next')]\"}\n  (Session info: chrome=127.0.6533.89); For documentation on this error, please visit: https://www.selenium.dev/documentation/webdriver/troubleshooting/errors#no-such-element-exception\nStacktrace:\n0   chromedriver                        0x000000010866a838 chromedriver + 5179448\n1   chromedriver                        0x000000010866226a chromedriver + 5145194\n2   chromedriver                        0x00000001081d92b0 chromedriver + 389808\n3   chromedriver                        0x00000001082253e1 chromedriver + 701409\n4   chromedriver                        0x0000000108225691 chromedriver + 702097\n5   chromedriver                        0x0000000108267464 chromedriver + 971876\n6   chromedriver                        0x00000001082477dd chromedriver + 841693\n7   chromedriver                        0x0000000108264b9b chromedriver + 961435\n8   chromedriver                        0x0000000108247553 chromedriver + 841043\n9   chromedriver                        0x00000001082187f6 chromedriver + 649206\n10  chromedriver                        0x000000010821905e chromedriver + 651358\n11  chromedriver                        0x000000010862daa0 chromedriver + 4930208\n12  chromedriver                        0x00000001086329b6 chromedriver + 4950454\n13  chromedriver                        0x0000000108633085 chromedriver + 4952197\n14  chromedriver                        0x000000010860fe69 chromedriver + 4808297\n15  chromedriver                        0x0000000108633379 chromedriver + 4952953\n16  chromedriver                        0x00000001086017c4 chromedriver + 4749252\n17  chromedriver                        0x0000000108652548 chromedriver + 5080392\n18  chromedriver                        0x0000000108652707 chromedriver + 5080839\n19  chromedriver                        0x0000000108661e4e chromedriver + 5144142\n20  libsystem_pthread.dylib             0x00007ff80f6814e1 _pthread_start + 125\n21  libsystem_pthread.dylib             0x00007ff80f67cf6b thread_start + 15","children":[{"name":"test_6_selctplan","uid":"abecd2771d2e5994","parentUid":"f7d2704c787d931e5cb9a35cfe701bef","status":"broken","time":{"start":1722607944140,"stop":1722607948218,"duration":4078},"flaky":false,"newFailed":false,"newPassed":false,"newBroken":false,"retriesCount":0,"retriesStatusChange":false,"parameters":[],"tags":["run(order=3)"]}],"uid":"f7d2704c787d931e5cb9a35cfe701bef"},{"name":"selenium.common.exceptions.NoSuchElementException: Message: no such element: Unable to locate element: {\"method\":\"xpath\",\"selector\":\"//input[@name = 'widgetConfig.initialMessage']\"}\n  (Session info: chrome=127.0.6533.89); For documentation on this error, please visit: https://www.selenium.dev/documentation/webdriver/troubleshooting/errors#no-such-element-exception\nStacktrace:\n0   chromedriver                        0x000000010866a838 chromedriver + 5179448\n1   chromedriver                        0x000000010866226a chromedriver + 5145194\n2   chromedriver                        0x00000001081d92b0 chromedriver + 389808\n3   chromedriver                        0x00000001082253e1 chromedriver + 701409\n4   chromedriver                        0x0000000108225691 chromedriver + 702097\n5   chromedriver                        0x0000000108267464 chromedriver + 971876\n6   chromedriver                        0x00000001082477dd chromedriver + 841693\n7   chromedriver                        0x0000000108264b9b chromedriver + 961435\n8   chromedriver                        0x0000000108247553 chromedriver + 841043\n9   chromedriver                        0x00000001082187f6 chromedriver + 649206\n10  chromedriver                        0x000000010821905e chromedriver + 651358\n11  chromedriver                        0x000000010862daa0 chromedriver + 4930208\n12  chromedriver                        0x00000001086329b6 chromedriver + 4950454\n13  chromedriver                        0x0000000108633085 chromedriver + 4952197\n14  chromedriver                        0x000000010860fe69 chromedriver + 4808297\n15  chromedriver                        0x0000000108633379 chromedriver + 4952953\n16  chromedriver                        0x00000001086017c4 chromedriver + 4749252\n17  chromedriver                        0x0000000108652548 chromedriver + 5080392\n18  chromedriver                        0x0000000108652707 chromedriver + 5080839\n19  chromedriver                        0x0000000108661e4e chromedriver + 5144142\n20  libsystem_pthread.dylib             0x00007ff80f6814e1 _pthread_start + 125\n21  libsystem_pthread.dylib             0x00007ff80f67cf6b thread_start + 15","children":[{"name":"test_7_chatbotinterface","uid":"845d7bd3092aadac","parentUid":"48e81467acf7715b02f2bf82482ccefd","status":"broken","time":{"start":1722607948750,"stop":1722607948792,"duration":42},"flaky":false,"newFailed":false,"newPassed":false,"newBroken":false,"retriesCount":0,"retriesStatusChange":false,"parameters":[],"tags":["run(order=3)"]}],"uid":"48e81467acf7715b02f2bf82482ccefd"},{"name":"selenium.common.exceptions.NoSuchElementException: Message: no such element: Unable to locate element: {\"method\":\"xpath\",\"selector\":\"//a[@id='header_login_btn']\"}\n  (Session info: chrome=127.0.6533.89); For documentation on this error, please visit: https://www.selenium.dev/documentation/webdriver/troubleshooting/errors#no-such-element-exception\nStacktrace:\n0   chromedriver                        0x000000010866a838 chromedriver + 5179448\n1   chromedriver                        0x000000010866226a chromedriver + 5145194\n2   chromedriver                        0x00000001081d92b0 chromedriver + 389808\n3   chromedriver                        0x00000001082253e1 chromedriver + 701409\n4   chromedriver                        0x0000000108225691 chromedriver + 702097\n5   chromedriver                        0x0000000108267464 chromedriver + 971876\n6   chromedriver                        0x00000001082477dd chromedriver + 841693\n7   chromedriver                        0x0000000108264b9b chromedriver + 961435\n8   chromedriver                        0x0000000108247553 chromedriver + 841043\n9   chromedriver                        0x00000001082187f6 chromedriver + 649206\n10  chromedriver                        0x000000010821905e chromedriver + 651358\n11  chromedriver                        0x000000010862daa0 chromedriver + 4930208\n12  chromedriver                        0x00000001086329b6 chromedriver + 4950454\n13  chromedriver                        0x0000000108633085 chromedriver + 4952197\n14  chromedriver                        0x000000010860fe69 chromedriver + 4808297\n15  chromedriver                        0x0000000108633379 chromedriver + 4952953\n16  chromedriver                        0x00000001086017c4 chromedriver + 4749252\n17  chromedriver                        0x0000000108652548 chromedriver + 5080392\n18  chromedriver                        0x0000000108652707 chromedriver + 5080839\n19  chromedriver                        0x0000000108661e4e chromedriver + 5144142\n20  libsystem_pthread.dylib             0x00007ff80f6814e1 _pthread_start + 125\n21  libsystem_pthread.dylib             0x00007ff80f67cf6b thread_start + 15","children":[{"name":"Verify Login With Wrong Password","uid":"40e79678557c4b07","parentUid":"ce2591197cccfa1e034b8e64034412d0","status":"broken","time":{"start":1722607951150,"stop":1722607953189,"duration":2039},"flaky":false,"newFailed":false,"newPassed":false,"newBroken":false,"retriesCount":0,"retriesStatusChange":false,"parameters":[],"tags":["run(order=2)"]},{"name":"Verify the  Login","uid":"6a232a99394f5c65","parentUid":"ce2591197cccfa1e034b8e64034412d0","status":"broken","time":{"start":1722607966240,"stop":1722607966250,"duration":10},"flaky":false,"newFailed":false,"newPassed":false,"newBroken":false,"retriesCount":0,"retriesStatusChange":false,"parameters":[],"tags":["run(order=2)"]}],"uid":"ce2591197cccfa1e034b8e64034412d0"},{"name":"selenium.common.exceptions.NoSuchElementException: Message: no such element: Unable to locate element: {\"method\":\"xpath\",\"selector\":\"//input[@name='email']\"}\n  (Session info: chrome=127.0.6533.89); For documentation on this error, please visit: https://www.selenium.dev/documentation/webdriver/troubleshooting/errors#no-such-element-exception\nStacktrace:\n0   chromedriver                        0x000000010866a838 chromedriver + 5179448\n1   chromedriver                        0x000000010866226a chromedriver + 5145194\n2   chromedriver                        0x00000001081d92b0 chromedriver + 389808\n3   chromedriver                        0x00000001082253e1 chromedriver + 701409\n4   chromedriver                        0x0000000108225691 chromedriver + 702097\n5   chromedriver                        0x0000000108267464 chromedriver + 971876\n6   chromedriver                        0x00000001082477dd chromedriver + 841693\n7   chromedriver                        0x0000000108264b9b chromedriver + 961435\n8   chromedriver                        0x0000000108247553 chromedriver + 841043\n9   chromedriver                        0x00000001082187f6 chromedriver + 649206\n10  chromedriver                        0x000000010821905e chromedriver + 651358\n11  chromedriver                        0x000000010862daa0 chromedriver + 4930208\n12  chromedriver                        0x00000001086329b6 chromedriver + 4950454\n13  chromedriver                        0x0000000108633085 chromedriver + 4952197\n14  chromedriver                        0x000000010860fe69 chromedriver + 4808297\n15  chromedriver                        0x0000000108633379 chromedriver + 4952953\n16  chromedriver                        0x00000001086017c4 chromedriver + 4749252\n17  chromedriver                        0x0000000108652548 chromedriver + 5080392\n18  chromedriver                        0x0000000108652707 chromedriver + 5080839\n19  chromedriver                        0x0000000108661e4e chromedriver + 5144142\n20  libsystem_pthread.dylib             0x00007ff80f6814e1 _pthread_start + 125\n21  libsystem_pthread.dylib             0x00007ff80f67cf6b thread_start + 15","children":[{"name":"Verify Login With Wrong email","uid":"5c43c6fab4917821","parentUid":"e143956b2d72e333afa8eaae3807edf4","status":"broken","time":{"start":1722607953547,"stop":1722607957564,"duration":4017},"flaky":false,"newFailed":false,"newPassed":false,"newBroken":false,"retriesCount":0,"retriesStatusChange":false,"parameters":[],"tags":["run(order=2)"]},{"name":"Verify invalid email format","uid":"1e94ee05aa54297a","parentUid":"e143956b2d72e333afa8eaae3807edf4","status":"broken","time":{"start":1722607957804,"stop":1722607961818,"duration":4014},"flaky":false,"newFailed":false,"newPassed":false,"newBroken":false,"retriesCount":0,"retriesStatusChange":false,"parameters":[],"tags":["run(order=2)"]}],"uid":"e143956b2d72e333afa8eaae3807edf4"},{"name":"selenium.common.exceptions.NoSuchElementException: Message: no such element: Unable to locate element: {\"method\":\"xpath\",\"selector\":\"//input[@id='password']\"}\n  (Session info: chrome=127.0.6533.89); For documentation on this error, please visit: https://www.selenium.dev/documentation/webdriver/troubleshooting/errors#no-such-element-exception\nStacktrace:\n0   chromedriver                        0x000000010866a838 chromedriver + 5179448\n1   chromedriver                        0x000000010866226a chromedriver + 5145194\n2   chromedriver                        0x00000001081d92b0 chromedriver + 389808\n3   chromedriver                        0x00000001082253e1 chromedriver + 701409\n4   chromedriver                        0x0000000108225691 chromedriver + 702097\n5   chromedriver                        0x0000000108267464 chromedriver + 971876\n6   chromedriver                        0x00000001082477dd chromedriver + 841693\n7   chromedriver                        0x0000000108264b9b chromedriver + 961435\n8   chromedriver                        0x0000000108247553 chromedriver + 841043\n9   chromedriver                        0x00000001082187f6 chromedriver + 649206\n10  chromedriver                        0x000000010821905e chromedriver + 651358\n11  chromedriver                        0x000000010862daa0 chromedriver + 4930208\n12  chromedriver                        0x00000001086329b6 chromedriver + 4950454\n13  chromedriver                        0x0000000108633085 chromedriver + 4952197\n14  chromedriver                        0x000000010860fe69 chromedriver + 4808297\n15  chromedriver                        0x0000000108633379 chromedriver + 4952953\n16  chromedriver                        0x00000001086017c4 chromedriver + 4749252\n17  chromedriver                        0x0000000108652548 chromedriver + 5080392\n18  chromedriver                        0x0000000108652707 chromedriver + 5080839\n19  chromedriver                        0x0000000108661e4e chromedriver + 5144142\n20  libsystem_pthread.dylib             0x00007ff80f6814e1 _pthread_start + 125\n21  libsystem_pthread.dylib             0x00007ff80f67cf6b thread_start + 15","children":[{"name":"Verify invalid password format","uid":"782ebf0e40e4dacf","parentUid":"cabe95311dc141624c64d1476d00f90f","status":"broken","time":{"start":1722607962021,"stop":1722607966041,"duration":4020},"flaky":false,"newFailed":false,"newPassed":false,"newBroken":false,"retriesCount":0,"retriesStatusChange":false,"parameters":[],"tags":["run(order=2)"]}],"uid":"cabe95311dc141624c64d1476d00f90f"}],"uid":"bdbf199525818fae7a8651db9eafe741"}]}